<?xml version="1.0" encoding="UTF-8"?>
<testsuite name="game.GameTest" tests="4" skipped="0" failures="0" errors="0" timestamp="2022-04-23T15:26:34" hostname="jurogrammerui-MacBookPro.local" time="0.094">
  <properties/>
  <testcase name="not_match_numbers()" classname="game.GameTest" time="0.03"/>
  <testcase name="정답이 123일 때, 145은 1S" classname="game.GameTest" time="0.052"/>
  <testcase name="정답이 123일 때, 134은 1S 1B" classname="game.GameTest" time="0.001"/>
  <testcase name="정답이 123일 때, 456은 0S 0B" classname="game.GameTest" time="0.001"/>
  <system-out><![CDATA[]]></system-out>
  <system-err><![CDATA[]]></system-err>
</testsuite>
