<?xml version="1.0" encoding="UTF-8"?>
<testsuite name="game.GameTest" tests="1" skipped="0" failures="0" errors="0" timestamp="2022-04-23T06:43:13" hostname="jurogrammerui-MacBookPro.local" time="0.039">
  <properties/>
  <testcase name="not_match_numbers()" classname="game.GameTest" time="0.039"/>
  <system-out><![CDATA[]]></system-out>
  <system-err><![CDATA[]]></system-err>
</testsuite>
